<?xml version="1.0" encoding="UTF-8"?>
<!-- Generated by org.testng.reporters.JUnitReportReporter -->
<testsuite hostname="Ankiket-ASUS" failures="0" tests="1" name="Demo1.ExcelWriteDemo" time="0.566" errors="0" timestamp="2024-04-27T17:16:28 IST" skipped="0">
  <testcase classname="Demo1.ExcelWriteDemo" name="test" time="0.566"/>
</testsuite> <!-- Demo1.ExcelWriteDemo -->
