<?xml version="1.0" encoding="UTF-8"?>
<!-- Generated by org.testng.reporters.JUnitReportReporter -->
<testsuite hostname="Ankiket-ASUS" failures="0" tests="1" name="Demo1.ExcelRead" time="0.477" errors="0" timestamp="2024-04-27T17:11:17 IST" skipped="0">
  <testcase classname="Demo1.ExcelRead" name="test" time="0.477"/>
</testsuite> <!-- Demo1.ExcelRead -->
